<?xml version="1.0" encoding="UTF-8"?>
<testsuite xmlns:xsi="http://www.w3.org/2001/XMLSchema-instance" xsi:noNamespaceSchemaLocation="https://maven.apache.org/surefire/maven-surefire-plugin/xsd/surefire-test-report.xsd" name="sdypp_ejercicios.AppTest" time="0.128" tests="1" errors="0" skipped="0" failures="0">
  <properties>
    <property name="sun.desktop" value="windows"/>
    <property name="awt.toolkit" value="sun.awt.windows.WToolkit"/>
    <property name="java.specification.version" value="11"/>
    <property name="sun.cpu.isalist" value="amd64"/>
    <property name="sun.jnu.encoding" value="Cp1252"/>
    <property name="java.class.path" value="D:\Seba\Cosas de Seba\Cuatrimestres UNLu\UNLu 7mo Cuatrimestre\Sistemas distribuidos y Programacion paralela\Repositorio 2022\sdypp2022\TP1\tp1_ejercicio2\target\test-classes;D:\Seba\Cosas de Seba\Cuatrimestres UNLu\UNLu 7mo Cuatrimestre\Sistemas distribuidos y Programacion paralela\Repositorio 2022\sdypp2022\TP1\tp1_ejercicio2\target\classes;C:\Users\Sebas\.m2\repository\junit\junit\4.11\junit-4.11.jar;C:\Users\Sebas\.m2\repository\org\hamcrest\hamcrest-core\1.3\hamcrest-core-1.3.jar;"/>
    <property name="java.vm.vendor" value="AdoptOpenJDK"/>
    <property name="sun.arch.data.model" value="64"/>
    <property name="user.variant" value=""/>
    <property name="java.vendor.url" value="https://adoptopenjdk.net/"/>
    <property name="user.timezone" value="America/Buenos_Aires"/>
    <property name="java.vm.specification.version" value="11"/>
    <property name="os.name" value="Windows 10"/>
    <property name="sun.java.launcher" value="SUN_STANDARD"/>
    <property name="user.country" value="ES"/>
    <property name="sun.boot.library.path" value="C:\Program Files\AdoptOpenJDK\jdk-11.0.11.9-hotspot\bin"/>
    <property name="sun.java.command" value="C:\Users\Sebas\AppData\Local\Temp\surefire5558951813288649099\surefirebooter5422378649353180163.jar C:\Users\Sebas\AppData\Local\Temp\surefire5558951813288649099 2022-03-11T18-16-34_357-jvmRun1 surefire7515600313472278850tmp surefire_015322713441806541986tmp"/>
    <property name="jdk.debug" value="release"/>
    <property name="surefire.test.class.path" value="D:\Seba\Cosas de Seba\Cuatrimestres UNLu\UNLu 7mo Cuatrimestre\Sistemas distribuidos y Programacion paralela\Repositorio 2022\sdypp2022\TP1\tp1_ejercicio2\target\test-classes;D:\Seba\Cosas de Seba\Cuatrimestres UNLu\UNLu 7mo Cuatrimestre\Sistemas distribuidos y Programacion paralela\Repositorio 2022\sdypp2022\TP1\tp1_ejercicio2\target\classes;C:\Users\Sebas\.m2\repository\junit\junit\4.11\junit-4.11.jar;C:\Users\Sebas\.m2\repository\org\hamcrest\hamcrest-core\1.3\hamcrest-core-1.3.jar;"/>
    <property name="sun.cpu.endian" value="little"/>
    <property name="user.home" value="C:\Users\Sebas"/>
    <property name="user.language" value="es"/>
    <property name="java.specification.vendor" value="Oracle Corporation"/>
    <property name="java.version.date" value="2021-04-20"/>
    <property name="java.home" value="C:\Program Files\AdoptOpenJDK\jdk-11.0.11.9-hotspot"/>
    <property name="file.separator" value="\"/>
    <property name="basedir" value="D:\Seba\Cosas de Seba\Cuatrimestres UNLu\UNLu 7mo Cuatrimestre\Sistemas distribuidos y Programacion paralela\Repositorio 2022\sdypp2022\TP1\tp1_ejercicio2"/>
    <property name="java.vm.compressedOopsMode" value="32-bit"/>
    <property name="line.separator" value="&#10;"/>
    <property name="java.specification.name" value="Java Platform API Specification"/>
    <property name="java.vm.specification.vendor" value="Oracle Corporation"/>
    <property name="java.awt.graphicsenv" value="sun.awt.Win32GraphicsEnvironment"/>
    <property name="surefire.real.class.path" value="C:\Users\Sebas\AppData\Local\Temp\surefire5558951813288649099\surefirebooter5422378649353180163.jar"/>
    <property name="user.script" value=""/>
    <property name="sun.management.compiler" value="HotSpot 64-Bit Tiered Compilers"/>
    <property name="java.runtime.version" value="11.0.11+9"/>
    <property name="user.name" value="Sebas"/>
    <property name="path.separator" value=";"/>
    <property name="os.version" value="10.0"/>
    <property name="java.runtime.name" value="OpenJDK Runtime Environment"/>
    <property name="file.encoding" value="Cp1252"/>
    <property name="java.vm.name" value="OpenJDK 64-Bit Server VM"/>
    <property name="java.vendor.version" value="AdoptOpenJDK-11.0.11+9"/>
    <property name="localRepository" value="C:\Users\Sebas\.m2\repository"/>
    <property name="java.vendor.url.bug" value="https://github.com/AdoptOpenJDK/openjdk-support/issues"/>
    <property name="java.io.tmpdir" value="C:\Users\Sebas\AppData\Local\Temp\"/>
    <property name="java.version" value="11.0.11"/>
    <property name="user.dir" value="D:\Seba\Cosas de Seba\Cuatrimestres UNLu\UNLu 7mo Cuatrimestre\Sistemas distribuidos y Programacion paralela\Repositorio 2022\sdypp2022\TP1\tp1_ejercicio2"/>
    <property name="os.arch" value="amd64"/>
    <property name="java.vm.specification.name" value="Java Virtual Machine Specification"/>
    <property name="java.awt.printerjob" value="sun.awt.windows.WPrinterJob"/>
    <property name="sun.os.patch.level" value=""/>
    <property name="java.library.path" value="C:\Program Files\AdoptOpenJDK\jdk-11.0.11.9-hotspot\bin;C:\WINDOWS\Sun\Java\bin;C:\WINDOWS\system32;C:\WINDOWS;C:\Program Files\AdoptOpenJDK\jdk-11.0.11.9-hotspot\bin;C:\Program Files\Rockwell Software\RSCommon;C:\Program Files (x86)\Common Files\Oracle\Java\javapath;C:\ProgramData\Oracle\Java\javapath;C:\WINDOWS\system32;C:\WINDOWS;C:\WINDOWS\System32\Wbem;C:\WINDOWS\System32\WindowsPowerShell\v1.0\;C:\WINDOWS\System32\OpenSSH\;C:\Program Files\Firebird\Firebird_3_0;C:\Program Files\FlameRobin (x64);D:\Mscgen;C:\Program Files\Git\cmd;C:\ProgramFiles\Git\bin;“%JAVA_HOME%\bin”;C:\Users\Sebas\Documents\Maven\apache-maven-3.8.1\bin;C:\php;C:\ProgramData\ComposerSetup\bin;C:\Program Files\Docker\Docker\resources\bin;C:\ProgramData\DockerDesktop\version-bin;C:\Users\Sebas\AppData\Roaming\Composer\vendor\bin;D:\Inkscape\bin;C:\Program Files\dotnet\;D:\Edunit - Love2D\LOVE\;D:\Seba\Cosas de Seba\Cuatrimestres UNLu\UNLu 7mo Cuatrimestre\Sistemas distribuidos y Programacion paralela\Maven\apache-maven-3.8.4\bin;C:\Program Files\MySQL\MySQL Shell 8.0\bin\;C:\Users\Sebas\AppData\Local\Microsoft\WindowsApps;C:\Users\Sebas\AppData\Local\GitHubDesktop\bin;C:\Users\Sebas\AppData\Local\Programs\Microsoft VS Code\bin;C:\Users\Sebas\AppData\Roaming\Composer\vendor\bin;C:\Users\Sebas\.dotnet\tools;."/>
    <property name="java.vm.info" value="mixed mode"/>
    <property name="java.vendor" value="AdoptOpenJDK"/>
    <property name="java.vm.version" value="11.0.11+9"/>
    <property name="sun.io.unicode.encoding" value="UnicodeLittle"/>
    <property name="java.class.version" value="55.0"/>
  </properties>
  <testcase name="shouldAnswerWithTrue" classname="sdypp_ejercicios.AppTest" time="0.008"/>
</testsuite>